
****************************************************************************
***                           Sentaurus Visual                           ***
***                         Version Q-2019.12-SP1                        ***
***                        (1.1489, x86_64, Linux)                       ***
***                                                                      ***
***                        Copyright (c) 2012-2019                       ***
***                            Synopsys, Inc.                            ***
***  This software and the associated documentation are confidential     ***
***  and proprietary to Synopsys, Inc.  Your use or disclosure of this   ***
***  software is subject to the terms and conditions of a written        ***
***  license agreement between you, or your company, and Synopsys, Inc.  ***
****************************************************************************

Compiled Fri Jan 31 14:20:03 PST 2020 on tcadprod35

Datexcodes: Found and Loaded at: '/software/synopsys-2019//sentaurus/Q_2019.12-SP1a/bin/../tcad/current/lib/datexcodes.txt'.
Tcl-Library: path added: '/software/synopsys-2019//sentaurus/Q_2019.12-SP1a/bin/../tcad/current/lib/svisuallib'.
Tcl-Library: path added: '/home/CAMPUS/2680340g/svisuallib'.
Loading Custom Buttons interface ... works only in Interactive mode.
Loading EMW_FIT interface version 1
Loading Internal Library Version 0.4
Loading Extraction Library Version 2.1.4
Loading Physical Constants Library Version 0.3
Loading IFM Data Post-Processing Library Version 1.3.0
Loading RF Parameter Extraction Library Version 1.0.2
Tcl-Library: files successfully loaded: '7'.
#TCL: load_script_file /home/CAMPUS/2680340g/TCADProjects/tox1/CMOS_Characterization/n102_vis.tcl
#TCL: cd /home/CAMPUS/2680340g/TCADProjects/tox1/CMOS_Characterization
Tcl-Library: path added: '/software/synopsys-2019//sentaurus/Q_2019.12-SP1a/bin/../tcad/current/lib/svisuallib'.
Tcl-Library: path added: '/home/CAMPUS/2680340g/svisuallib'.
Tcl-Library: files successfully loaded: '1'.

Gate Length: 0.045 um 

#TCL: # #########################################
#TCL: # Plotting Id-Vg (sat) curve
#TCL: # #########################################
#TCL: # #########################################
#TCL: # Extracting parameters from Id-Vgs (sat) curve
#TCL: # #########################################
DOE: VtiSat 0.166
VtiSat (Vg at io=2.222e-06): 0.166

ext::ExtractExtremum> Extracting maxima
DOE: IdSat 1.043e-03

Max IdSat: 1.043e-03
DOE: Ioff 2.039e-08
Ioff: 2.039e-08
DOE: SSsat 80.673
SSsat (SS at Vg= 0.0100): 80.673

Internal Procedure > ext::Getxomt > Voltage= 0.0166666666666 0.05 0.0833333333333 0.116666666666 0.15 0.183333333333 0.216666666667 0.25 0.283333333333 0.316666666667 0.35 0.383333333334 0.416666666666 0.45 0.483333333334 0.516666666667 0.55 0.583333333334 0.616666666666 0.65 0.683333333333 0.716666666667 0.75 0.783333333333 0.816666666667 0.85 0.883333333334 0.916666666666 0.95 0.983333333333
Internal Procedure > ext::Getxomt > gm= 9.67504071313e-07 2.53895780411e-06 6.57669431737e-06 1.66366977012e-05 4.01147006881e-05 9.0490360833e-05 0.00018613449 0.000342162721598 0.000581605999638 0.000894732858555 0.00121022010667 0.00144813072163 0.0015932978063 0.00167957776446 0.00171398487908 0.00171678067961 0.00170110658688 0.00167459242976 0.00163877881571 0.00159611647947 0.00154896109859 0.001499060818 0.00144733971486 0.00139414289443 0.00134109011209 0.00128864090076 0.00123573506533 0.00118377864754 0.00113403678919 0.00108445601521
DOE: gmSat 1.718e-03
gmSat: 1.718e-03 at Vg= 0.5050

#TCL: # Vti (Vg at Io= 2.222e-06 A/um) is 0.166 V
#TCL: # Max IdSat is 1.043e-03 A/um
#TCL: # Ioff is 2.039e-08 A/um
#TCL: # SSsat is 80.673 mV/dec
#TCL: # Max gm is 1.718e-03 S/um
#TCL: #-> 0
