
****************************************************************************
***                           Sentaurus Visual                           ***
***                         Version Q-2019.12-SP1                        ***
***                        (1.1489, x86_64, Linux)                       ***
***                                                                      ***
***                        Copyright (c) 2012-2019                       ***
***                            Synopsys, Inc.                            ***
***  This software and the associated documentation are confidential     ***
***  and proprietary to Synopsys, Inc.  Your use or disclosure of this   ***
***  software is subject to the terms and conditions of a written        ***
***  license agreement between you, or your company, and Synopsys, Inc.  ***
****************************************************************************

Compiled Fri Jan 31 14:20:03 PST 2020 on tcadprod35

Datexcodes: Found and Loaded at: '/software/synopsys-2019//sentaurus/Q_2019.12-SP1a/bin/../tcad/current/lib/datexcodes.txt'.
Tcl-Library: path added: '/software/synopsys-2019//sentaurus/Q_2019.12-SP1a/bin/../tcad/current/lib/svisuallib'.
Tcl-Library: path added: '/home/CAMPUS/2680340g/svisuallib'.
Loading Custom Buttons interface ... works only in Interactive mode.
Loading EMW_FIT interface version 1
Loading Internal Library Version 0.4
Loading Extraction Library Version 2.1.4
Loading Physical Constants Library Version 0.3
Loading IFM Data Post-Processing Library Version 1.3.0
Loading RF Parameter Extraction Library Version 1.0.2
Tcl-Library: files successfully loaded: '7'.
#TCL: load_script_file /home/CAMPUS/2680340g/TCADProjects/thf3/CMOS_Characterization/n102_vis.tcl
#TCL: cd /home/CAMPUS/2680340g/TCADProjects/thf3/CMOS_Characterization
Tcl-Library: path added: '/software/synopsys-2019//sentaurus/Q_2019.12-SP1a/bin/../tcad/current/lib/svisuallib'.
Tcl-Library: path added: '/home/CAMPUS/2680340g/svisuallib'.
Tcl-Library: files successfully loaded: '1'.

Gate Length: 0.045 um 

#TCL: # #########################################
#TCL: # Plotting Id-Vg (sat) curve
#TCL: # #########################################
#TCL: # #########################################
#TCL: # Extracting parameters from Id-Vgs (sat) curve
#TCL: # #########################################
DOE: VtiSat 0.190
VtiSat (Vg at io=2.222e-06): 0.190

ext::ExtractExtremum> Extracting maxima
DOE: IdSat 9.601e-04

Max IdSat: 9.601e-04
DOE: Ioff 1.267e-08
Ioff: 1.267e-08
DOE: SSsat 84.817
SSsat (SS at Vg= 0.0100): 84.817

Internal Procedure > ext::Getxomt > Voltage= 0.0166666666666 0.05 0.0833333333333 0.116666666666 0.15 0.183333333333 0.216666666667 0.25 0.283333333333 0.316666666667 0.35 0.383333333334 0.416666666666 0.45 0.483333333334 0.516666666667 0.55 0.583333333334 0.616666666666 0.65 0.683333333333 0.716666666667 0.75 0.783333333333 0.816666666667 0.85 0.883333333334 0.916666666666 0.95 0.983333333333
Internal Procedure > ext::Getxomt > gm= 5.54808251986e-07 1.41927910032e-06 3.6152235915e-06 9.02256402363e-06 2.17397749206e-05 4.98085050266e-05 0.000106258479485 0.00020614502697 0.00036356903674 0.000593717174319 0.0008768614302 0.00114775970124 0.00137045156296 0.00149357065401 0.00157362505427 0.00160521151256 0.00160885261953 0.00159480055451 0.0015720707462 0.00154130121417 0.00150476813891 0.00146441946292 0.00142104660498 0.00137692283554 0.00133068135922 0.00128523430779 0.00123832131127 0.00119230515433 0.00114748672294 0.00110231013049
DOE: gmSat 1.610e-03
gmSat: 1.610e-03 at Vg= 0.5402

#TCL: # Vti (Vg at Io= 2.222e-06 A/um) is 0.190 V
#TCL: # Max IdSat is 9.601e-04 A/um
#TCL: # Ioff is 1.267e-08 A/um
#TCL: # SSsat is 84.817 mV/dec
#TCL: # Max gm is 1.610e-03 S/um
#TCL: #-> 0
