
****************************************************************************
***                           Sentaurus Visual                           ***
***                         Version Q-2019.12-SP1                        ***
***                        (1.1489, x86_64, Linux)                       ***
***                                                                      ***
***                        Copyright (c) 2012-2019                       ***
***                            Synopsys, Inc.                            ***
***  This software and the associated documentation are confidential     ***
***  and proprietary to Synopsys, Inc.  Your use or disclosure of this   ***
***  software is subject to the terms and conditions of a written        ***
***  license agreement between you, or your company, and Synopsys, Inc.  ***
****************************************************************************

Compiled Fri Jan 31 14:20:03 PST 2020 on tcadprod35

Datexcodes: Found and Loaded at: '/software/synopsys-2019//sentaurus/Q_2019.12-SP1a/bin/../tcad/current/lib/datexcodes.txt'.
Tcl-Library: path added: '/software/synopsys-2019//sentaurus/Q_2019.12-SP1a/bin/../tcad/current/lib/svisuallib'.
Tcl-Library: path added: '/home/CAMPUS/2680340g/svisuallib'.
Loading Custom Buttons interface ... works only in Interactive mode.
Loading EMW_FIT interface version 1
Loading Internal Library Version 0.4
Loading Extraction Library Version 2.1.4
Loading Physical Constants Library Version 0.3
Loading IFM Data Post-Processing Library Version 1.3.0
Loading RF Parameter Extraction Library Version 1.0.2
Tcl-Library: files successfully loaded: '7'.
#TCL: load_script_file /home/CAMPUS/2680340g/TCADProjects/tox5/CMOS_Characterization/n102_vis.tcl
#TCL: cd /home/CAMPUS/2680340g/TCADProjects/tox5/CMOS_Characterization
Tcl-Library: path added: '/software/synopsys-2019//sentaurus/Q_2019.12-SP1a/bin/../tcad/current/lib/svisuallib'.
Tcl-Library: path added: '/home/CAMPUS/2680340g/svisuallib'.
Tcl-Library: files successfully loaded: '1'.

Gate Length: 0.045 um 

#TCL: # #########################################
#TCL: # Plotting Id-Vg (sat) curve
#TCL: # #########################################
#TCL: # #########################################
#TCL: # Extracting parameters from Id-Vgs (sat) curve
#TCL: # #########################################
DOE: VtiSat 0.222
VtiSat (Vg at io=2.222e-06): 0.222

ext::ExtractExtremum> Extracting maxima
DOE: IdSat 8.412e-04

Max IdSat: 8.412e-04
DOE: Ioff 7.367e-09
Ioff: 7.367e-09
DOE: SSsat 92.864
SSsat (SS at Vg= 0.0100): 92.864

Internal Procedure > ext::Getxomt > Voltage= 0.0166666666666 0.05 0.0833333333333 0.116666666666 0.15 0.183333333333 0.216666666667 0.25 0.283333333333 0.316666666667 0.35 0.383333333334 0.416666666666 0.45 0.483333333334 0.516666666667 0.55 0.583333333334 0.616666666666 0.65 0.683333333333 0.716666666667 0.75 0.783333333333 0.816666666667 0.85 0.883333333334 0.916666666666 0.95 0.983333333333
Internal Procedure > ext::Getxomt > gm= 2.80077726394e-07 6.86820673979e-07 1.69187223903e-06 4.10122384369e-06 9.69826420967e-06 2.21402845572e-05 4.80594384683e-05 9.73409078162e-05 0.000180293586098 0.000311213672337 0.000491558600351 0.000713038373581 0.000947236306662 0.00115581455161 0.00131074904779 0.00139914462178 0.00145168625757 0.00146895425038 0.00146596713538 0.00144952380942 0.00142691244358 0.00139856817664 0.00136604840157 0.00133071555742 0.00129415809883 0.0012556352256 0.00121724843437 0.00117792307144 0.00113975367478 0.00110070464896
DOE: gmSat 1.470e-03
gmSat: 1.470e-03 at Vg= 0.5951

#TCL: # Vti (Vg at Io= 2.222e-06 A/um) is 0.222 V
#TCL: # Max IdSat is 8.412e-04 A/um
#TCL: # Ioff is 7.367e-09 A/um
#TCL: # SSsat is 92.864 mV/dec
#TCL: # Max gm is 1.470e-03 S/um
#TCL: #-> 0
