
****************************************************************************
***                           Sentaurus Visual                           ***
***                         Version Q-2019.12-SP1                        ***
***                        (1.1489, x86_64, Linux)                       ***
***                                                                      ***
***                        Copyright (c) 2012-2019                       ***
***                            Synopsys, Inc.                            ***
***  This software and the associated documentation are confidential     ***
***  and proprietary to Synopsys, Inc.  Your use or disclosure of this   ***
***  software is subject to the terms and conditions of a written        ***
***  license agreement between you, or your company, and Synopsys, Inc.  ***
****************************************************************************

Compiled Fri Jan 31 14:20:03 PST 2020 on tcadprod35

Datexcodes: Found and Loaded at: '/software/synopsys-2019//sentaurus/Q_2019.12-SP1a/bin/../tcad/current/lib/datexcodes.txt'.
Tcl-Library: path added: '/software/synopsys-2019//sentaurus/Q_2019.12-SP1a/bin/../tcad/current/lib/svisuallib'.
Tcl-Library: path added: '/home/CAMPUS/2680340g/svisuallib'.
Loading Custom Buttons interface ... works only in Interactive mode.
Loading EMW_FIT interface version 1
Loading Internal Library Version 0.4
Loading Extraction Library Version 2.1.4
Loading Physical Constants Library Version 0.3
Loading IFM Data Post-Processing Library Version 1.3.0
Loading RF Parameter Extraction Library Version 1.0.2
Tcl-Library: files successfully loaded: '7'.
#TCL: load_script_file /home/CAMPUS/2680340g/TCADProjects/thf5/CMOS_Characterization/n102_vis.tcl
#TCL: cd /home/CAMPUS/2680340g/TCADProjects/thf5/CMOS_Characterization
Tcl-Library: path added: '/software/synopsys-2019//sentaurus/Q_2019.12-SP1a/bin/../tcad/current/lib/svisuallib'.
Tcl-Library: path added: '/home/CAMPUS/2680340g/svisuallib'.
Tcl-Library: files successfully loaded: '1'.

Gate Length: 0.045 um 

#TCL: # #########################################
#TCL: # Plotting Id-Vg (sat) curve
#TCL: # #########################################
#TCL: # #########################################
#TCL: # Extracting parameters from Id-Vgs (sat) curve
#TCL: # #########################################
DOE: VtiSat 0.105
VtiSat (Vg at io=2.222e-06): 0.105

ext::ExtractExtremum> Extracting maxima
DOE: IdSat 1.145e-03

Max IdSat: 1.145e-03
DOE: Ioff 2.197e-07
Ioff: 2.197e-07
DOE: SSsat 115.292
SSsat (SS at Vg= 0.0100): 115.292

Internal Procedure > ext::Getxomt > Voltage= 0.0166666666666 0.05 0.0833333333333 0.116666666666 0.15 0.183333333333 0.216666666667 0.25 0.283333333333 0.316666666667 0.35 0.383333333334 0.416666666666 0.45 0.483333333334 0.516666666667 0.55 0.583333333334 0.616666666666 0.65 0.683333333333 0.716666666667 0.75 0.783333333333 0.816666666667 0.85 0.883333333334 0.916666666666 0.95 0.983333333333
Internal Procedure > ext::Getxomt > gm= 6.0421465153e-06 1.39736780413e-05 3.20434992783e-05 6.99486309214e-05 0.000142424657038 0.000264687843927 0.000443575334626 0.000692367750535 0.00100394833524 0.0013030154087 0.00150678519267 0.0016637410046 0.00172938947477 0.00176929518347 0.00177278097701 0.00175777622114 0.00173210496561 0.00169934978396 0.00166011004268 0.00161599128504 0.0015691933763 0.00152097030209 0.00147055645446 0.00142139969539 0.00137069295994 0.00132062225253 0.00127232687083 0.00122348078251 0.00117543059338 0.00112821312421
DOE: gmSat 1.774e-03
gmSat: 1.774e-03 at Vg= 0.4730

#TCL: # Vti (Vg at Io= 2.222e-06 A/um) is 0.105 V
#TCL: # Max IdSat is 1.145e-03 A/um
#TCL: # Ioff is 2.197e-07 A/um
#TCL: # SSsat is 115.292 mV/dec
#TCL: # Max gm is 1.774e-03 S/um
#TCL: #-> 0
