
****************************************************************************
***                           Sentaurus Visual                           ***
***                         Version Q-2019.12-SP1                        ***
***                        (1.1489, x86_64, Linux)                       ***
***                                                                      ***
***                        Copyright (c) 2012-2019                       ***
***                            Synopsys, Inc.                            ***
***  This software and the associated documentation are confidential     ***
***  and proprietary to Synopsys, Inc.  Your use or disclosure of this   ***
***  software is subject to the terms and conditions of a written        ***
***  license agreement between you, or your company, and Synopsys, Inc.  ***
****************************************************************************

Compiled Fri Jan 31 14:20:03 PST 2020 on tcadprod35

Datexcodes: Found and Loaded at: '/software/synopsys-2019//sentaurus/Q_2019.12-SP1a/bin/../tcad/current/lib/datexcodes.txt'.
Tcl-Library: path added: '/software/synopsys-2019//sentaurus/Q_2019.12-SP1a/bin/../tcad/current/lib/svisuallib'.
Tcl-Library: path added: '/home/CAMPUS/2680340g/svisuallib'.
Loading Custom Buttons interface ... works only in Interactive mode.
Loading EMW_FIT interface version 1
Loading Internal Library Version 0.4
Loading Extraction Library Version 2.1.4
Loading Physical Constants Library Version 0.3
Loading IFM Data Post-Processing Library Version 1.3.0
Loading RF Parameter Extraction Library Version 1.0.2
Tcl-Library: files successfully loaded: '7'.
#TCL: load_script_file /home/CAMPUS/2680340g/TCADProjects/thf4/CMOS_Characterization/n102_vis.tcl
#TCL: cd /home/CAMPUS/2680340g/TCADProjects/thf4/CMOS_Characterization
Tcl-Library: path added: '/software/synopsys-2019//sentaurus/Q_2019.12-SP1a/bin/../tcad/current/lib/svisuallib'.
Tcl-Library: path added: '/home/CAMPUS/2680340g/svisuallib'.
Tcl-Library: files successfully loaded: '1'.

Gate Length: 0.045 um 

#TCL: # #########################################
#TCL: # Plotting Id-Vg (sat) curve
#TCL: # #########################################
#TCL: # #########################################
#TCL: # Extracting parameters from Id-Vgs (sat) curve
#TCL: # #########################################
DOE: VtiSat 0.047
VtiSat (Vg at io=2.222e-06): 0.047

ext::ExtractExtremum> Extracting maxima
DOE: IdSat 1.248e-03

Max IdSat: 1.248e-03
DOE: Ioff 1.037e-06
Ioff: 1.037e-06
DOE: SSsat 147.368
SSsat (SS at Vg= 0.0100): 147.368

Internal Procedure > ext::Getxomt > Voltage= 0.0166666666666 0.05 0.0833333333333 0.116666666666 0.15 0.183333333333 0.216666666667 0.25 0.283333333333 0.316666666667 0.35 0.383333333334 0.416666666666 0.45 0.483333333334 0.516666666667 0.55 0.583333333334 0.616666666666 0.65 0.683333333333 0.716666666667 0.75 0.783333333333 0.816666666667 0.85 0.883333333334 0.916666666666 0.95 0.983333333333
Internal Procedure > ext::Getxomt > gm= 2.03854715361e-05 4.35066333551e-05 9.02368433797e-05 0.000175824820688 0.000314257365978 0.000509010667106 0.00075886940594 0.00107918719676 0.0013831466599 0.00159288090611 0.00174274235589 0.00180798093287 0.00184988069975 0.0018565363295 0.00184078394201 0.00181394642663 0.00178169091536 0.00174084736679 0.00169563974213 0.00164754440583 0.00159711695039 0.0015453715091 0.00149408151126 0.00144184393465 0.00138963401485 0.00133978175247 0.00128922811771 0.00123936126151 0.00119044583998 0.00114378115831
DOE: gmSat 1.857e-03
gmSat: 1.857e-03 at Vg= 0.4432

#TCL: # Vti (Vg at Io= 2.222e-06 A/um) is 0.047 V
#TCL: # Max IdSat is 1.248e-03 A/um
#TCL: # Ioff is 1.037e-06 A/um
#TCL: # SSsat is 147.368 mV/dec
#TCL: # Max gm is 1.857e-03 S/um
#TCL: #-> 0
