
****************************************************************************
***                           Sentaurus Visual                           ***
***                         Version Q-2019.12-SP1                        ***
***                        (1.1489, x86_64, Linux)                       ***
***                                                                      ***
***                        Copyright (c) 2012-2019                       ***
***                            Synopsys, Inc.                            ***
***  This software and the associated documentation are confidential     ***
***  and proprietary to Synopsys, Inc.  Your use or disclosure of this   ***
***  software is subject to the terms and conditions of a written        ***
***  license agreement between you, or your company, and Synopsys, Inc.  ***
****************************************************************************

Compiled Fri Jan 31 14:20:03 PST 2020 on tcadprod35

Datexcodes: Found and Loaded at: '/software/synopsys-2019//sentaurus/Q_2019.12-SP1a/bin/../tcad/current/lib/datexcodes.txt'.
Tcl-Library: path added: '/software/synopsys-2019//sentaurus/Q_2019.12-SP1a/bin/../tcad/current/lib/svisuallib'.
Tcl-Library: path added: '/home/CAMPUS/2680340g/svisuallib'.
Loading Custom Buttons interface ... works only in Interactive mode.
Loading EMW_FIT interface version 1
Loading Internal Library Version 0.4
Loading Extraction Library Version 2.1.4
Loading Physical Constants Library Version 0.3
Loading IFM Data Post-Processing Library Version 1.3.0
Loading RF Parameter Extraction Library Version 1.0.2
Tcl-Library: files successfully loaded: '7'.
#TCL: load_script_file /home/CAMPUS/2680340g/TCADProjects/thf6/CMOS_Characterization/n102_vis.tcl
#TCL: cd /home/CAMPUS/2680340g/TCADProjects/thf6/CMOS_Characterization
Tcl-Library: path added: '/software/synopsys-2019//sentaurus/Q_2019.12-SP1a/bin/../tcad/current/lib/svisuallib'.
Tcl-Library: path added: '/home/CAMPUS/2680340g/svisuallib'.
Tcl-Library: files successfully loaded: '1'.

Gate Length: 0.045 um 

#TCL: # #########################################
#TCL: # Plotting Id-Vg (sat) curve
#TCL: # #########################################
#TCL: # #########################################
#TCL: # Extracting parameters from Id-Vgs (sat) curve
#TCL: # #########################################
DOE: VtiSat 0.329
VtiSat (Vg at io=2.222e-06): 0.329

ext::ExtractExtremum> Extracting maxima
DOE: IdSat 6.568e-04

Max IdSat: 6.568e-04
DOE: Ioff 2.093e-10
Ioff: 2.093e-10
DOE: SSsat 79.170
SSsat (SS at Vg= 0.0100): 79.170

Internal Procedure > ext::Getxomt > Voltage= 0.0166666666666 0.05 0.0833333333333 0.116666666666 0.15 0.183333333333 0.216666666667 0.25 0.283333333333 0.316666666667 0.35 0.383333333334 0.416666666666 0.45 0.483333333334 0.516666666667 0.55 0.583333333334 0.616666666666 0.65 0.683333333333 0.716666666667 0.75 0.783333333333 0.816666666667 0.85 0.883333333334 0.916666666666 0.95 0.983333333333
Internal Procedure > ext::Getxomt > gm= 1.02481694545e-08 2.70172580767e-08 7.14500357776e-08 1.87881370333e-07 4.88164114103e-07 1.25335254274e-06 3.17472699867e-06 7.86813089228e-06 1.88453626913e-05 4.28664586381e-05 9.11973769737e-05 0.000179757963836 0.000316805676282 0.00050257092125 0.0007158165052 0.000945059200002 0.00110690379286 0.00122088404617 0.00128173350253 0.0013061299746 0.00130784154199 0.00129786943834 0.001279387566 0.00125431994794 0.00122479152919 0.001192118638 0.00115755205918 0.00112042551736 0.00108352927687 0.00104531762338
DOE: gmSat 1.309e-03
gmSat: 1.309e-03 at Vg= 0.6715

#TCL: # Vti (Vg at Io= 2.222e-06 A/um) is 0.329 V
#TCL: # Max IdSat is 6.568e-04 A/um
#TCL: # Ioff is 2.093e-10 A/um
#TCL: # SSsat is 79.170 mV/dec
#TCL: # Max gm is 1.309e-03 S/um
#TCL: #-> 0
