
****************************************************************************
***                           Sentaurus Visual                           ***
***                         Version Q-2019.12-SP1                        ***
***                        (1.1489, x86_64, Linux)                       ***
***                                                                      ***
***                        Copyright (c) 2012-2019                       ***
***                            Synopsys, Inc.                            ***
***  This software and the associated documentation are confidential     ***
***  and proprietary to Synopsys, Inc.  Your use or disclosure of this   ***
***  software is subject to the terms and conditions of a written        ***
***  license agreement between you, or your company, and Synopsys, Inc.  ***
****************************************************************************

Compiled Fri Jan 31 14:20:03 PST 2020 on tcadprod35

Datexcodes: Found and Loaded at: '/software/synopsys-2019//sentaurus/Q_2019.12-SP1a/bin/../tcad/current/lib/datexcodes.txt'.
Tcl-Library: path added: '/software/synopsys-2019//sentaurus/Q_2019.12-SP1a/bin/../tcad/current/lib/svisuallib'.
Tcl-Library: path added: '/home/CAMPUS/2680340g/svisuallib'.
Loading Custom Buttons interface ... works only in Interactive mode.
Loading EMW_FIT interface version 1
Loading Internal Library Version 0.4
Loading Extraction Library Version 2.1.4
Loading Physical Constants Library Version 0.3
Loading IFM Data Post-Processing Library Version 1.3.0
Loading RF Parameter Extraction Library Version 1.0.2
Tcl-Library: files successfully loaded: '7'.
#TCL: load_script_file /home/CAMPUS/2680340g/TCADProjects/tox2/CMOS_Characterization/n102_vis.tcl
#TCL: cd /home/CAMPUS/2680340g/TCADProjects/tox2/CMOS_Characterization
Tcl-Library: path added: '/software/synopsys-2019//sentaurus/Q_2019.12-SP1a/bin/../tcad/current/lib/svisuallib'.
Tcl-Library: path added: '/home/CAMPUS/2680340g/svisuallib'.
Tcl-Library: files successfully loaded: '1'.

Gate Length: 0.045 um 

#TCL: # #########################################
#TCL: # Plotting Id-Vg (sat) curve
#TCL: # #########################################
#TCL: # #########################################
#TCL: # Extracting parameters from Id-Vgs (sat) curve
#TCL: # #########################################
DOE: VtiSat 0.180
VtiSat (Vg at io=2.222e-06): 0.180

ext::ExtractExtremum> Extracting maxima
DOE: IdSat 1.002e-03

Max IdSat: 1.002e-03
DOE: Ioff 1.533e-08
Ioff: 1.533e-08
DOE: SSsat 82.845
SSsat (SS at Vg= 0.0100): 82.845

Internal Procedure > ext::Getxomt > Voltage= 0.0166666666666 0.05 0.0833333333333 0.116666666666 0.15 0.183333333333 0.216666666667 0.25 0.283333333333 0.316666666667 0.35 0.383333333334 0.416666666666 0.45 0.483333333334 0.516666666667 0.55 0.583333333334 0.616666666666 0.65 0.683333333333 0.716666666667 0.75 0.783333333333 0.816666666667 0.85 0.883333333334 0.916666666666 0.95 0.983333333333
Internal Procedure > ext::Getxomt > gm= 6.96685553734e-07 1.80471376447e-06 4.64172038574e-06 1.16708468469e-05 2.82041450671e-05 6.4412017941e-05 0.000135795004614 0.000258074378468 0.000449151560293 0.000716235317542 0.00102504724687 0.00128778795283 0.00148824623665 0.00159091278834 0.00165075202304 0.00166743080786 0.00165995553012 0.001639956323 0.00161089101308 0.00157455944937 0.00153292139237 0.00148789013242 0.00144131414346 0.00139186206964 0.0013436163553 0.00129364644018 0.00124375314745 0.00119604923821 0.0011476949107 0.00109997917453
DOE: gmSat 1.668e-03
gmSat: 1.668e-03 at Vg= 0.5230

#TCL: # Vti (Vg at Io= 2.222e-06 A/um) is 0.180 V
#TCL: # Max IdSat is 1.002e-03 A/um
#TCL: # Ioff is 1.533e-08 A/um
#TCL: # SSsat is 82.845 mV/dec
#TCL: # Max gm is 1.668e-03 S/um
#TCL: #-> 0
