
****************************************************************************
***                           Sentaurus Visual                           ***
***                         Version Q-2019.12-SP1                        ***
***                        (1.1489, x86_64, Linux)                       ***
***                                                                      ***
***                        Copyright (c) 2012-2019                       ***
***                            Synopsys, Inc.                            ***
***  This software and the associated documentation are confidential     ***
***  and proprietary to Synopsys, Inc.  Your use or disclosure of this   ***
***  software is subject to the terms and conditions of a written        ***
***  license agreement between you, or your company, and Synopsys, Inc.  ***
****************************************************************************

Compiled Fri Jan 31 14:20:03 PST 2020 on tcadprod35

Datexcodes: Found and Loaded at: '/software/synopsys-2019//sentaurus/Q_2019.12-SP1a/bin/../tcad/current/lib/datexcodes.txt'.
Tcl-Library: path added: '/software/synopsys-2019//sentaurus/Q_2019.12-SP1a/bin/../tcad/current/lib/svisuallib'.
Tcl-Library: path added: '/home/CAMPUS/2680340g/svisuallib'.
Loading Custom Buttons interface ... works only in Interactive mode.
Loading EMW_FIT interface version 1
Loading Internal Library Version 0.4
Loading Extraction Library Version 2.1.4
Loading Physical Constants Library Version 0.3
Loading IFM Data Post-Processing Library Version 1.3.0
Loading RF Parameter Extraction Library Version 1.0.2
Tcl-Library: files successfully loaded: '7'.
#TCL: load_script_file /home/CAMPUS/2680340g/TCADProjects/thf1/CMOS_Characterization/n102_vis.tcl
#TCL: cd /home/CAMPUS/2680340g/TCADProjects/thf1/CMOS_Characterization
Tcl-Library: path added: '/software/synopsys-2019//sentaurus/Q_2019.12-SP1a/bin/../tcad/current/lib/svisuallib'.
Tcl-Library: path added: '/home/CAMPUS/2680340g/svisuallib'.
Tcl-Library: files successfully loaded: '1'.

Gate Length: 0.045 um 

#TCL: # #########################################
#TCL: # Plotting Id-Vg (sat) curve
#TCL: # #########################################
#TCL: # #########################################
#TCL: # Extracting parameters from Id-Vgs (sat) curve
#TCL: # #########################################
DOE: VtiSat 0.414
VtiSat (Vg at io=2.222e-06): 0.414

ext::ExtractExtremum> Extracting maxima
DOE: IdSat 4.659e-04

Max IdSat: 4.659e-04
DOE: Ioff 2.650e-11
Ioff: 2.650e-11
DOE: SSsat 81.807
SSsat (SS at Vg= 0.0100): 81.807

Internal Procedure > ext::Getxomt > Voltage= 0.0166666666666 0.05 0.0833333333333 0.116666666666 0.15 0.183333333333 0.216666666667 0.25 0.283333333333 0.316666666667 0.35 0.383333333334 0.416666666666 0.45 0.483333333334 0.516666666667 0.55 0.583333333334 0.616666666666 0.65 0.683333333333 0.716666666667 0.75 0.783333333333 0.816666666667 0.85 0.883333333334 0.916666666666 0.95 0.983333333333
Internal Procedure > ext::Getxomt > gm= 1.23224104507e-09 3.16361658005e-09 8.12086215175e-09 2.07832696778e-08 5.29362814315e-08 1.34971248075e-07 3.3995003964e-07 8.452730245e-07 2.08028962541e-06 5.03043703622e-06 1.18253646466e-05 2.69224482081e-05 5.82518757129e-05 0.000116000634329 0.000209100123908 0.000338181527127 0.000491546825303 0.000667276226875 0.000814587179528 0.000932877468932 0.0010108791094 0.0010530520891 0.00106981011046 0.00107212091701 0.00106531411891 0.00105133244164 0.00103243017034 0.00100944728959 0.00098322463492 0.00095559238798
DOE: gmSat 1.072e-03
gmSat: 1.072e-03 at Vg= 0.7751

#TCL: # Vti (Vg at Io= 2.222e-06 A/um) is 0.414 V
#TCL: # Max IdSat is 4.659e-04 A/um
#TCL: # Ioff is 2.650e-11 A/um
#TCL: # SSsat is 81.807 mV/dec
#TCL: # Max gm is 1.072e-03 S/um
#TCL: #-> 0
