
****************************************************************************
***                           Sentaurus Visual                           ***
***                         Version Q-2019.12-SP1                        ***
***                        (1.1489, x86_64, Linux)                       ***
***                                                                      ***
***                        Copyright (c) 2012-2019                       ***
***                            Synopsys, Inc.                            ***
***  This software and the associated documentation are confidential     ***
***  and proprietary to Synopsys, Inc.  Your use or disclosure of this   ***
***  software is subject to the terms and conditions of a written        ***
***  license agreement between you, or your company, and Synopsys, Inc.  ***
****************************************************************************

Compiled Fri Jan 31 14:20:03 PST 2020 on tcadprod35

Datexcodes: Found and Loaded at: '/software/synopsys-2019//sentaurus/Q_2019.12-SP1a/bin/../tcad/current/lib/datexcodes.txt'.
Tcl-Library: path added: '/software/synopsys-2019//sentaurus/Q_2019.12-SP1a/bin/../tcad/current/lib/svisuallib'.
Tcl-Library: path added: '/home/CAMPUS/2680340g/svisuallib'.
Loading Custom Buttons interface ... works only in Interactive mode.
Loading EMW_FIT interface version 1
Loading Internal Library Version 0.4
Loading Extraction Library Version 2.1.4
Loading Physical Constants Library Version 0.3
Loading IFM Data Post-Processing Library Version 1.3.0
Loading RF Parameter Extraction Library Version 1.0.2
Tcl-Library: files successfully loaded: '7'.
#TCL: load_script_file /home/CAMPUS/2680340g/TCADProjects/tox3/CMOS_Characterization/n102_vis.tcl
#TCL: cd /home/CAMPUS/2680340g/TCADProjects/tox3/CMOS_Characterization
Tcl-Library: path added: '/software/synopsys-2019//sentaurus/Q_2019.12-SP1a/bin/../tcad/current/lib/svisuallib'.
Tcl-Library: path added: '/home/CAMPUS/2680340g/svisuallib'.
Tcl-Library: files successfully loaded: '1'.

Gate Length: 0.045 um 

#TCL: # #########################################
#TCL: # Plotting Id-Vg (sat) curve
#TCL: # #########################################
#TCL: # #########################################
#TCL: # Extracting parameters from Id-Vgs (sat) curve
#TCL: # #########################################
DOE: VtiSat 0.200
VtiSat (Vg at io=2.222e-06): 0.200

ext::ExtractExtremum> Extracting maxima
DOE: IdSat 9.182e-04

Max IdSat: 9.182e-04
DOE: Ioff 1.051e-08
Ioff: 1.051e-08
DOE: SSsat 87.151
SSsat (SS at Vg= 0.0100): 87.151

Internal Procedure > ext::Getxomt > Voltage= 0.0166666666666 0.05 0.0833333333333 0.116666666666 0.15 0.183333333333 0.216666666667 0.25 0.283333333333 0.316666666667 0.35 0.383333333334 0.416666666666 0.45 0.483333333334 0.516666666667 0.55 0.583333333334 0.616666666666 0.65 0.683333333333 0.716666666667 0.75 0.783333333333 0.816666666667 0.85 0.883333333334 0.916666666666 0.95 0.983333333333
Internal Procedure > ext::Getxomt > gm= 4.40951213811e-07 1.11260517229e-06 2.80923354761e-06 6.92960914966e-06 1.65723459916e-05 3.7868420074e-05 8.11398938705e-05 0.000159473285909 0.000285200747943 0.000473799212126 0.000714547010446 0.000982319282728 0.00121279098921 0.00139394417841 0.00148746371269 0.00154510573103 0.00156293600622 0.00155822313668 0.0015399251357 0.00151458977766 0.00148212004162 0.00144546147382 0.0014057074296 0.00136358360959 0.00132113231233 0.00127696832706 0.00123379569508 0.0011895778762 0.00114589570432 0.00110394474766
DOE: gmSat 1.564e-03
gmSat: 1.564e-03 at Vg= 0.5597

#TCL: # Vti (Vg at Io= 2.222e-06 A/um) is 0.200 V
#TCL: # Max IdSat is 9.182e-04 A/um
#TCL: # Ioff is 1.051e-08 A/um
#TCL: # SSsat is 87.151 mV/dec
#TCL: # Max gm is 1.564e-03 S/um
#TCL: #-> 0
